<?xml version="1.0" encoding="UTF-8"?>
<testsuites name="Demo Mode — Example API" tests="6" time="0.347">
  <testsuite name="1) Demo Login" id="0d272288-b3dc-47f0-b791-373949c34e19" timestamp="2025-09-14T22:50:30.912Z" tests="0" failures="0" errors="0" time="0.270"/>
  <testsuite name="2) Expert Mode (ADVANCED_AI)" id="93d66ad7-f44c-488e-a3b3-faafcb46fa88" timestamp="2025-09-14T22:50:30.912Z" tests="0" failures="0" errors="0" time="0.015"/>
  <testsuite name="3) Export (expect 402, auto-provision demo workspace)" id="c0cb4f3c-4795-4958-abdc-dcb18ae5c630" timestamp="2025-09-14T22:50:30.912Z" tests="0" failures="0" errors="0" time="0.010"/>
  <testsuite name="4) Analytics (expect 402, seeded)" id="88f9daec-b1c2-4c56-a7ed-b218ad2bf946" timestamp="2025-09-14T22:50:30.912Z" tests="0" failures="0" errors="0" time="0.016"/>
  <testsuite name="5) Upgrade Demo → Pro (purge demo artifacts)" id="7795e361-4ba2-42aa-812b-67ad11f8c24d" timestamp="2025-09-14T22:50:30.912Z" tests="0" failures="0" errors="0" time="0.027"/>
  <testsuite name="6) Export After Upgrade (expect 400 workspace required)" id="7a6edb59-177d-4166-83bb-1e6ee0e76c5e" timestamp="2025-09-14T22:50:30.912Z" tests="0" failures="0" errors="0" time="0.009"/>
</testsuites>